<?xml version="1.0" encoding="UTF-8"?>
<testng-results skipped="0" failed="1" ignored="0" total="14" passed="13">
  <reporter-output>
  </reporter-output>
  <suite name="Default suite" duration-ms="205267" started-at="2019-12-13T17:15:17 CET" finished-at="2019-12-13T17:18:42 CET">
    <groups>
    </groups>
    <test name="Default test" duration-ms="205267" started-at="2019-12-13T17:15:17 CET" finished-at="2019-12-13T17:18:42 CET">
      <class name="travelsTests.MainTest">
        <test-method status="PASS" signature="setup()[pri:0, instance:travelsTests.MainTest@627551fb]" name="setup" is-config="true" duration-ms="5916" started-at="2019-12-13T17:15:17 CET" finished-at="2019-12-13T17:15:23 CET">
          <reporter-output>
          </reporter-output>
        </test-method> <!-- setup -->
        <test-method status="PASS" signature="Login()[pri:0, instance:travelsTests.MainTest@627551fb]" name="Login" duration-ms="18196" started-at="2019-12-13T17:15:23 CET" finished-at="2019-12-13T17:15:41 CET">
          <reporter-output>
          </reporter-output>
        </test-method> <!-- Login -->
        <test-method status="PASS" signature="DashboardMenu()[pri:10, instance:travelsTests.MainTest@627551fb]" name="DashboardMenu" duration-ms="12385" started-at="2019-12-13T17:15:41 CET" finished-at="2019-12-13T17:15:54 CET">
          <reporter-output>
          </reporter-output>
        </test-method> <!-- DashboardMenu -->
        <test-method status="PASS" signature="UpdatesMenu()[pri:11, instance:travelsTests.MainTest@627551fb]" name="UpdatesMenu" duration-ms="11840" started-at="2019-12-13T17:15:54 CET" finished-at="2019-12-13T17:16:06 CET">
          <reporter-output>
          </reporter-output>
        </test-method> <!-- UpdatesMenu -->
        <test-method status="PASS" signature="ModulesMenu()[pri:12, instance:travelsTests.MainTest@627551fb]" name="ModulesMenu" duration-ms="11312" started-at="2019-12-13T17:16:06 CET" finished-at="2019-12-13T17:16:17 CET">
          <reporter-output>
          </reporter-output>
        </test-method> <!-- ModulesMenu -->
        <test-method status="PASS" signature="ToursMenu()[pri:13, instance:travelsTests.MainTest@627551fb]" name="ToursMenu" duration-ms="15413" started-at="2019-12-13T17:16:17 CET" finished-at="2019-12-13T17:16:32 CET">
          <reporter-output>
          </reporter-output>
        </test-method> <!-- ToursMenu -->
        <test-method status="PASS" signature="CarsMenu()[pri:14, instance:travelsTests.MainTest@627551fb]" name="CarsMenu" duration-ms="15920" started-at="2019-12-13T17:16:32 CET" finished-at="2019-12-13T17:16:48 CET">
          <reporter-output>
          </reporter-output>
        </test-method> <!-- CarsMenu -->
        <test-method status="PASS" signature="CouponsMenu()[pri:15, instance:travelsTests.MainTest@627551fb]" name="CouponsMenu" duration-ms="11865" started-at="2019-12-13T17:16:48 CET" finished-at="2019-12-13T17:17:00 CET">
          <reporter-output>
          </reporter-output>
        </test-method> <!-- CouponsMenu -->
        <test-method status="PASS" signature="NewsletterMenu()[pri:16, instance:travelsTests.MainTest@627551fb]" name="NewsletterMenu" duration-ms="11823" started-at="2019-12-13T17:17:00 CET" finished-at="2019-12-13T17:17:12 CET">
          <reporter-output>
          </reporter-output>
        </test-method> <!-- NewsletterMenu -->
        <test-method status="PASS" signature="BookingsMenu()[pri:17, instance:travelsTests.MainTest@627551fb]" name="BookingsMenu" duration-ms="11245" started-at="2019-12-13T17:17:12 CET" finished-at="2019-12-13T17:17:23 CET">
          <reporter-output>
          </reporter-output>
        </test-method> <!-- BookingsMenu -->
        <test-method status="PASS" signature="CarList()[pri:20, instance:travelsTests.MainTest@627551fb]" name="CarList" duration-ms="16162" started-at="2019-12-13T17:17:23 CET" finished-at="2019-12-13T17:17:39 CET">
          <reporter-output>
          </reporter-output>
        </test-method> <!-- CarList -->
        <test-method status="PASS" signature="CarList10()[pri:21, instance:travelsTests.MainTest@627551fb]" name="CarList10" duration-ms="2113" started-at="2019-12-13T17:17:39 CET" finished-at="2019-12-13T17:17:41 CET">
          <reporter-output>
          </reporter-output>
        </test-method> <!-- CarList10 -->
        <test-method status="FAIL" signature="CarList50()[pri:25, instance:travelsTests.MainTest@627551fb]" name="CarList50" duration-ms="3207" started-at="2019-12-13T17:17:41 CET" finished-at="2019-12-13T17:17:45 CET">
          <exception class="java.lang.AssertionError">
            <message>
              <![CDATA[expected:<true> but was:<false>]]>
            </message>
            <full-stacktrace>
              <![CDATA[java.lang.AssertionError: expected:<true> but was:<false>
at org.junit.Assert.fail(Assert.java:88)
at org.junit.Assert.failNotEquals(Assert.java:834)
at org.junit.Assert.assertEquals(Assert.java:118)
at org.junit.Assert.assertEquals(Assert.java:144)
at travelsTests.MainTest.CarList50(MainTest.java:174)
at sun.reflect.NativeMethodAccessorImpl.invoke0(Native Method)
at sun.reflect.NativeMethodAccessorImpl.invoke(Unknown Source)
at sun.reflect.DelegatingMethodAccessorImpl.invoke(Unknown Source)
at java.lang.reflect.Method.invoke(Unknown Source)
at org.testng.internal.MethodInvocationHelper.invokeMethod(MethodInvocationHelper.java:133)
at org.testng.internal.TestInvoker.invokeMethod(TestInvoker.java:584)
at org.testng.internal.TestInvoker.invokeTestMethod(TestInvoker.java:172)
at org.testng.internal.MethodRunner.runInSequence(MethodRunner.java:46)
at org.testng.internal.TestInvoker$MethodInvocationAgent.invoke(TestInvoker.java:804)
at org.testng.internal.TestInvoker.invokeTestMethods(TestInvoker.java:145)
at org.testng.internal.TestMethodWorker.invokeTestMethods(TestMethodWorker.java:146)
at org.testng.internal.TestMethodWorker.run(TestMethodWorker.java:128)
at java.util.ArrayList.forEach(Unknown Source)
at org.testng.TestRunner.privateRun(TestRunner.java:770)
at org.testng.TestRunner.run(TestRunner.java:591)
at org.testng.SuiteRunner.runTest(SuiteRunner.java:402)
at org.testng.SuiteRunner.runSequentially(SuiteRunner.java:396)
at org.testng.SuiteRunner.privateRun(SuiteRunner.java:355)
at org.testng.SuiteRunner.run(SuiteRunner.java:304)
at org.testng.SuiteRunnerWorker.runSuite(SuiteRunnerWorker.java:53)
at org.testng.SuiteRunnerWorker.run(SuiteRunnerWorker.java:96)
at org.testng.TestNG.runSuitesSequentially(TestNG.java:1180)
at org.testng.TestNG.runSuitesLocally(TestNG.java:1102)
at org.testng.TestNG.runSuites(TestNG.java:1032)
at org.testng.TestNG.run(TestNG.java:1000)
at org.testng.remote.AbstractRemoteTestNG.run(AbstractRemoteTestNG.java:115)
at org.testng.remote.RemoteTestNG.initAndRun(RemoteTestNG.java:251)
at org.testng.remote.RemoteTestNG.main(RemoteTestNG.java:77)
]]>
            </full-stacktrace>
          </exception> <!-- java.lang.AssertionError -->
          <reporter-output>
          </reporter-output>
        </test-method> <!-- CarList50 -->
        <test-method status="PASS" signature="AddingCar()[pri:30, instance:travelsTests.MainTest@627551fb]" name="AddingCar" duration-ms="26270" started-at="2019-12-13T17:17:45 CET" finished-at="2019-12-13T17:18:11 CET">
          <reporter-output>
          </reporter-output>
        </test-method> <!-- AddingCar -->
        <test-method status="PASS" signature="Customers()[pri:31, instance:travelsTests.MainTest@627551fb]" name="Customers" duration-ms="31463" started-at="2019-12-13T17:18:11 CET" finished-at="2019-12-13T17:18:42 CET">
          <reporter-output>
          </reporter-output>
        </test-method> <!-- Customers -->
        <test-method status="PASS" signature="quit()[pri:0, instance:travelsTests.MainTest@627551fb]" name="quit" is-config="true" duration-ms="1" started-at="2019-12-13T17:18:42 CET" finished-at="2019-12-13T17:18:42 CET">
          <reporter-output>
          </reporter-output>
        </test-method> <!-- quit -->
      </class> <!-- travelsTests.MainTest -->
    </test> <!-- Default test -->
  </suite> <!-- Default suite -->
</testng-results>
